<?xml version="1.0" encoding="UTF-8"?>
<!-- Generated by org.testng.reporters.JUnitReportReporter -->
<testsuite skipped="0" hostname="DESKTOP-A8JGI6V" name="test.Day3" tests="4" failures="0" timestamp="26 Oct 2019 09:21:31 GMT" time="0.000" errors="0">
  <testcase name="test1Setup" time="0.000" classname="test.Day3"/>
  <testcase name="test2Setup" time="0.000" classname="test.Day3"/>
  <testcase name="test4Setup" time="0.000" classname="test.Day3"/>
  <testcase name="test3Setup" time="0.000" classname="test.Day3"/>
</testsuite> <!-- test.Day3 -->
