<?xml version="1.0" encoding="UTF-8"?>
<!-- Generated by org.testng.reporters.JUnitReportReporter -->
<testsuite skipped="0" hostname="DESKTOP-A8JGI6V" name="test.Day4" tests="4" failures="0" timestamp="26 Oct 2019 09:21:31 GMT" time="0.003" errors="0">
  <testcase name="test4Default" time="0.000" classname="test.Day4"/>
  <testcase name="Mobiletest3Default" time="0.000" classname="test.Day4"/>
  <testcase name="test1Default" time="0.000" classname="test.Day4"/>
  <testcase name="Mobiletest2Default" time="0.003" classname="test.Day4"/>
</testsuite> <!-- test.Day4 -->
