<?xml version="1.0" encoding="UTF-8"?>
<!-- Generated by org.testng.reporters.JUnitReportReporter -->
<testsuite skipped="0" hostname="DESKTOP-A8JGI6V" name="test.Day1" tests="4" failures="0" timestamp="26 Oct 2019 09:21:31 GMT" time="0.002" errors="0">
  <testcase name="test4Login" time="0.001" classname="test.Day1"/>
  <testcase name="test1Login" time="0.000" classname="test.Day1"/>
  <testcase name="test2Login" time="0.000" classname="test.Day1"/>
  <testcase name="test3Login" time="0.001" classname="test.Day1"/>
</testsuite> <!-- test.Day1 -->
